{"C:\\Users\\HP 17-CN0\\Desktop\\Uni Tercer Año\\Proyecto_2026\\src\\test\\suma.js": {"path":"C:\\Users\\HP 17-CN0\\Desktop\\Uni Tercer Año\\Proyecto_2026\\src\\test\\suma.js","statementMap":{"0":{"start":{"line":5,"column":4},"end":{"line":5,"column":17}},"1":{"start":{"line":7,"column":0},"end":{"line":7,"column":21}}},"fnMap":{"0":{"name":"sum","decl":{"start":{"line":4,"column":9},"end":{"line":4,"column":12}},"loc":{"start":{"line":4,"column":18},"end":{"line":6,"column":1}},"line":4}},"branchMap":{},"s":{"0":0,"1":1},"f":{"0":0},"b":{},"_coverageSchema":"1a1c01bbd47fc00a2c39e90264f33305004495a9","hash":"66da4922ce32c7888a4c02ae79a0b22ee6eaf21e"}
}
